0 info it worked if it ends with ok
1 verbose cli [ 'node', '/usr/local/bin/npm', 'install', 'cheerio', '-g' ]
2 info using npm@1.4.28
3 info using node@v0.10.33
4 verbose cache add [ 'cheerio', null ]
5 verbose cache add name=undefined spec="cheerio" args=["cheerio",null]
6 verbose parsed url { protocol: null,
6 verbose parsed url   slashes: null,
6 verbose parsed url   auth: null,
6 verbose parsed url   host: null,
6 verbose parsed url   port: null,
6 verbose parsed url   hostname: null,
6 verbose parsed url   hash: null,
6 verbose parsed url   search: null,
6 verbose parsed url   query: null,
6 verbose parsed url   pathname: 'cheerio',
6 verbose parsed url   path: 'cheerio',
6 verbose parsed url   href: 'cheerio' }
7 silly lockFile efb58830-cheerio cheerio
8 verbose lock cheerio /Users/scott/.npm/efb58830-cheerio.lock
9 silly lockFile efb58830-cheerio cheerio
10 silly lockFile efb58830-cheerio cheerio
11 verbose addNamed [ 'cheerio', '' ]
12 verbose addNamed [ null, '*' ]
13 silly lockFile 8cd5cc09-cheerio cheerio@
14 verbose lock cheerio@ /Users/scott/.npm/8cd5cc09-cheerio.lock
15 silly addNameRange { name: 'cheerio', range: '*', hasData: false }
16 verbose request where is /cheerio
17 verbose request registry https://registry.npmjs.org/
18 verbose request id ddbcde57c6740d53
19 verbose url raw /cheerio
20 verbose url resolving [ 'https://registry.npmjs.org/', './cheerio' ]
21 verbose url resolved https://registry.npmjs.org/cheerio
22 verbose request where is https://registry.npmjs.org/cheerio
23 info trying registry request attempt 1 at 15:59:07
24 verbose etag "2USPHF8MTXQ4DUIH3UM0V3Z22"
25 http GET https://registry.npmjs.org/cheerio
26 http 304 https://registry.npmjs.org/cheerio
27 silly registry.get cb [ 304,
27 silly registry.get   { date: 'Sun, 23 Nov 2014 20:59:07 GMT',
27 silly registry.get     server: 'Apache',
27 silly registry.get     via: '1.1 varnish',
27 silly registry.get     'last-modified': 'Sun, 23 Nov 2014 20:59:07 GMT',
27 silly registry.get     'cache-control': 'max-age=60',
27 silly registry.get     etag: '"2USPHF8MTXQ4DUIH3UM0V3Z22"',
27 silly registry.get     age: '0',
27 silly registry.get     'x-served-by': 'cache-iad2148-IAD',
27 silly registry.get     'x-cache': 'HIT',
27 silly registry.get     'x-cache-hits': '1',
27 silly registry.get     'x-timer': 'S1416776347.476380,VS0,VE345',
27 silly registry.get     vary: 'Accept',
27 silly registry.get     'content-length': '0',
27 silly registry.get     'keep-alive': 'timeout=10, max=50',
27 silly registry.get     connection: 'Keep-Alive' } ]
28 verbose etag https://registry.npmjs.org/cheerio from cache
29 silly addNameRange number 2 { name: 'cheerio', range: '*', hasData: true }
30 silly addNameRange versions [ 'cheerio',
30 silly addNameRange   [ '0.0.1',
30 silly addNameRange     '0.0.2',
30 silly addNameRange     '0.0.3',
30 silly addNameRange     '0.0.4',
30 silly addNameRange     '0.1.1',
30 silly addNameRange     '0.1.2',
30 silly addNameRange     '0.1.3',
30 silly addNameRange     '0.1.4',
30 silly addNameRange     '0.1.5',
30 silly addNameRange     '0.2.0',
30 silly addNameRange     '0.2.1',
30 silly addNameRange     '0.2.2',
30 silly addNameRange     '0.3.0',
30 silly addNameRange     '0.3.1',
30 silly addNameRange     '0.3.2',
30 silly addNameRange     '0.4.0',
30 silly addNameRange     '0.4.1',
30 silly addNameRange     '0.4.2',
30 silly addNameRange     '0.5.0',
30 silly addNameRange     '0.5.1',
30 silly addNameRange     '0.5.2',
30 silly addNameRange     '0.6.0',
30 silly addNameRange     '0.6.1',
30 silly addNameRange     '0.6.2',
30 silly addNameRange     '0.7.0',
30 silly addNameRange     '0.8.0',
30 silly addNameRange     '0.8.1',
30 silly addNameRange     '0.8.2',
30 silly addNameRange     '0.8.3',
30 silly addNameRange     '0.9.0',
30 silly addNameRange     '0.9.1',
30 silly addNameRange     '0.9.2',
30 silly addNameRange     '0.10.0',
30 silly addNameRange     '0.10.1',
30 silly addNameRange     '0.10.2',
30 silly addNameRange     '0.10.3',
30 silly addNameRange     '0.10.4',
30 silly addNameRange     '0.10.5',
30 silly addNameRange     '0.10.6',
30 silly addNameRange     '0.10.7',
30 silly addNameRange     '0.10.8',
30 silly addNameRange     '0.11.0',
30 silly addNameRange     '0.12.0',
30 silly addNameRange     '0.12.1',
30 silly addNameRange     '0.12.2',
30 silly addNameRange     '0.12.3',
30 silly addNameRange     '0.12.4',
30 silly addNameRange     '0.13.0',
30 silly addNameRange     '0.13.1',
30 silly addNameRange     '0.14.0',
30 silly addNameRange     '0.15.0',
30 silly addNameRange     '0.16.0',
30 silly addNameRange     '0.17.0',
30 silly addNameRange     '0.18.0' ] ]
31 verbose addNamed [ 'cheerio', '0.18.0' ]
32 verbose addNamed [ '0.18.0', '0.18.0' ]
33 silly lockFile 6b7368ff-cheerio-0-18-0 cheerio@0.18.0
34 verbose lock cheerio@0.18.0 /Users/scott/.npm/6b7368ff-cheerio-0-18-0.lock
35 silly lockFile 6b7368ff-cheerio-0-18-0 cheerio@0.18.0
36 silly lockFile 6b7368ff-cheerio-0-18-0 cheerio@0.18.0
37 silly lockFile 8cd5cc09-cheerio cheerio@
38 silly lockFile 8cd5cc09-cheerio cheerio@
39 silly resolved [ { name: 'cheerio',
39 silly resolved     version: '0.18.0',
39 silly resolved     description: 'Tiny, fast, and elegant implementation of core jQuery designed specifically for the server',
39 silly resolved     author:
39 silly resolved      { name: 'Matt Mueller',
39 silly resolved        email: 'mattmuelle@gmail.com',
39 silly resolved        url: 'mat.io' },
39 silly resolved     keywords: [ 'htmlparser', 'jquery', 'selector', 'scraper', 'parser', 'html' ],
39 silly resolved     repository: { type: 'git', url: 'git://github.com/cheeriojs/cheerio.git' },
39 silly resolved     main: './index.js',
39 silly resolved     engines: { node: '>= 0.6' },
39 silly resolved     dependencies:
39 silly resolved      { CSSselect: '~0.4.0',
39 silly resolved        entities: '~1.1.1',
39 silly resolved        htmlparser2: '~3.8.1',
39 silly resolved        'dom-serializer': '~0.0.0',
39 silly resolved        lodash: '~2.4.1' },
39 silly resolved     devDependencies:
39 silly resolved      { benchmark: '~1.0.0',
39 silly resolved        coveralls: '~2.10',
39 silly resolved        'expect.js': '~0.3.1',
39 silly resolved        istanbul: '~0.2',
39 silly resolved        jsdom: '~0.8.9',
39 silly resolved        jshint: '~2.5.1',
39 silly resolved        mocha: '*',
39 silly resolved        xyz: '~0.4.0' },
39 silly resolved     scripts: { test: 'make test' },
39 silly resolved     gitHead: 'c4f52db9d0e2011a968ba097c85f434f3a05b7f0',
39 silly resolved     bugs: { url: 'https://github.com/cheeriojs/cheerio/issues' },
39 silly resolved     homepage: 'https://github.com/cheeriojs/cheerio',
39 silly resolved     _id: 'cheerio@0.18.0',
39 silly resolved     _shasum: '4e1c06377e725b740e996e0dfec353863de677fa',
39 silly resolved     _from: 'cheerio@',
39 silly resolved     _npmVersion: '2.1.3',
39 silly resolved     _nodeVersion: '0.10.31',
39 silly resolved     _npmUser: { name: 'jugglinmike', email: 'mike@mikepennisi.com' },
39 silly resolved     maintainers: [ [Object], [Object], [Object] ],
39 silly resolved     dist:
39 silly resolved      { shasum: '4e1c06377e725b740e996e0dfec353863de677fa',
39 silly resolved        tarball: 'http://registry.npmjs.org/cheerio/-/cheerio-0.18.0.tgz' },
39 silly resolved     directories: {},
39 silly resolved     _resolved: 'https://registry.npmjs.org/cheerio/-/cheerio-0.18.0.tgz',
39 silly resolved     readme: 'ERROR: No README data found!' } ]
40 info install cheerio@0.18.0 into /usr/local/lib
41 info installOne cheerio@0.18.0
42 verbose lib/node_modules/cheerio unbuild
43 verbose tar unpack /Users/scott/.npm/cheerio/0.18.0/package.tgz
44 silly lockFile 7d4976a9-r-local-lib-node-modules-cheerio tar:///usr/local/lib/node_modules/cheerio
45 verbose lock tar:///usr/local/lib/node_modules/cheerio /Users/scott/.npm/7d4976a9-r-local-lib-node-modules-cheerio.lock
46 silly lockFile 1a48241a-t-npm-cheerio-0-18-0-package-tgz tar:///Users/scott/.npm/cheerio/0.18.0/package.tgz
47 verbose lock tar:///Users/scott/.npm/cheerio/0.18.0/package.tgz /Users/scott/.npm/1a48241a-t-npm-cheerio-0-18-0-package-tgz.lock
48 silly gunzTarPerm modes [ '755', '644' ]
49 error Error: EACCES, mkdir '/usr/local/lib/node_modules/cheerio'
49 error  { [Error: EACCES, mkdir '/usr/local/lib/node_modules/cheerio']
49 error   errno: 3,
49 error   code: 'EACCES',
49 error   path: '/usr/local/lib/node_modules/cheerio',
49 error   fstream_type: 'Directory',
49 error   fstream_path: '/usr/local/lib/node_modules/cheerio',
49 error   fstream_class: 'DirWriter',
49 error   fstream_stack:
49 error    [ '/usr/local/lib/node_modules/npm/node_modules/fstream/lib/dir-writer.js:36:23',
49 error      '/usr/local/lib/node_modules/npm/node_modules/mkdirp/index.js:46:53',
49 error      'Object.oncomplete (fs.js:107:15)' ] }
50 error Please try running this command again as root/Administrator.
51 error System Darwin 14.0.0
52 error command "node" "/usr/local/bin/npm" "install" "cheerio" "-g"
53 error cwd /Users/scott/Code/Meteors/HackerSurf
54 error node -v v0.10.33
55 error npm -v 1.4.28
56 error path /usr/local/lib/node_modules/cheerio
57 error fstream_path /usr/local/lib/node_modules/cheerio
58 error fstream_type Directory
59 error fstream_class DirWriter
60 error code EACCES
61 error errno 3
62 error stack Error: EACCES, mkdir '/usr/local/lib/node_modules/cheerio'
63 error fstream_stack /usr/local/lib/node_modules/npm/node_modules/fstream/lib/dir-writer.js:36:23
63 error fstream_stack /usr/local/lib/node_modules/npm/node_modules/mkdirp/index.js:46:53
63 error fstream_stack Object.oncomplete (fs.js:107:15)
64 verbose exit [ 3, true ]
